Temp/gradleOut/unityLibrary/build/intermediates/manifest_merge_blame_file/release/manifest-merger-blame-release-report.txt
1<?xml version="1.0" encoding="utf-8"?>
2<!-- GENERATED BY UNITY. REMOVE THIS COMMENT TO PREVENT OVERWRITING WHEN EXPORTING AGAIN -->
3<manifest xmlns:android="http://schemas.android.com/apk/res/android"
4    xmlns:tools="http://schemas.android.com/tools"
5    package="com.unity3d.player"
6    android:versionCode="1"
7    android:versionName="9.0" >
8
9    <uses-sdk
10        android:minSdkVersion="23"
10-->src\main\AndroidManifest.xml
11        android:targetSdkVersion="29" />
11-->src\main\AndroidManifest.xml
12
13    <uses-feature android:glEsVersion="0x00030000" />
13-->src\main\AndroidManifest.xml:21:3-52
13-->src\main\AndroidManifest.xml:21:17-49
14
15    <uses-permission android:name="android.permission.INTERNET" />
15-->src\main\AndroidManifest.xml:22:3-65
15-->src\main\AndroidManifest.xml:22:20-62
16    <uses-permission android:name="android.permission.CAMERA" />
16-->src\main\AndroidManifest.xml:23:3-63
16-->src\main\AndroidManifest.xml:23:20-60
17
18    <uses-feature
18-->src\main\AndroidManifest.xml:24:3-83
19        android:name="android.hardware.camera"
19-->src\main\AndroidManifest.xml:24:17-55
20        android:required="false" />
20-->src\main\AndroidManifest.xml:24:56-80
21    <uses-feature
21-->src\main\AndroidManifest.xml:25:3-93
22        android:name="android.hardware.camera.autofocus"
22-->src\main\AndroidManifest.xml:25:17-65
23        android:required="false" />
23-->src\main\AndroidManifest.xml:25:66-90
24    <uses-feature
24-->src\main\AndroidManifest.xml:26:3-89
25        android:name="android.hardware.camera.front"
25-->src\main\AndroidManifest.xml:26:17-61
26        android:required="false" />
26-->src\main\AndroidManifest.xml:26:62-86
27    <uses-feature
27-->src\main\AndroidManifest.xml:27:3-88
28        android:name="android.hardware.touchscreen"
28-->src\main\AndroidManifest.xml:27:17-60
29        android:required="false" />
29-->src\main\AndroidManifest.xml:27:61-85
30    <uses-feature
30-->src\main\AndroidManifest.xml:28:3-99
31        android:name="android.hardware.touchscreen.multitouch"
31-->src\main\AndroidManifest.xml:28:17-71
32        android:required="false" />
32-->src\main\AndroidManifest.xml:28:72-96
33    <uses-feature
33-->src\main\AndroidManifest.xml:29:3-108
34        android:name="android.hardware.touchscreen.multitouch.distinct"
34-->src\main\AndroidManifest.xml:29:17-80
35        android:required="false" />
35-->src\main\AndroidManifest.xml:29:81-105
36
37    <application android:isGame="true" >
37-->src\main\AndroidManifest.xml:4:3-20:17
37-->src\main\AndroidManifest.xml:4:16-37
38        <activity
38-->src\main\AndroidManifest.xml:5:5-13:16
39            android:name="com.unity3d.player.UnityPlayerActivity"
39-->src\main\AndroidManifest.xml:5:15-68
40            android:configChanges="mcc|mnc|locale|touchscreen|keyboard|keyboardHidden|navigation|orientation|screenLayout|uiMode|screenSize|smallestScreenSize|fontScale|layoutDirection|density"
40-->src\main\AndroidManifest.xml:5:182-363
41            android:hardwareAccelerated="false"
41-->src\main\AndroidManifest.xml:5:399-434
42            android:launchMode="singleTask"
42-->src\main\AndroidManifest.xml:5:150-181
43            android:resizeableActivity="false"
43-->src\main\AndroidManifest.xml:5:364-398
44            android:screenOrientation="fullSensor"
44-->src\main\AndroidManifest.xml:5:111-149
45            android:theme="@style/UnityThemeSelector" >
45-->src\main\AndroidManifest.xml:5:69-110
46            <intent-filter>
46-->src\main\AndroidManifest.xml:6:7-10:23
47                <action android:name="android.intent.action.MAIN" />
47-->src\main\AndroidManifest.xml:7:9-61
47-->src\main\AndroidManifest.xml:7:17-58
48
49                <category android:name="android.intent.category.LAUNCHER" />
49-->src\main\AndroidManifest.xml:8:9-69
49-->src\main\AndroidManifest.xml:8:19-66
50                <category android:name="android.intent.category.LEANBACK_LAUNCHER" />
50-->src\main\AndroidManifest.xml:9:9-78
50-->src\main\AndroidManifest.xml:9:19-75
51            </intent-filter>
52
53            <meta-data
53-->src\main\AndroidManifest.xml:11:7-82
54                android:name="unityplayer.UnityActivity"
54-->src\main\AndroidManifest.xml:11:18-58
55                android:value="true" />
55-->src\main\AndroidManifest.xml:11:59-79
56            <meta-data
56-->src\main\AndroidManifest.xml:12:7-78
57                android:name="android.notch_support"
57-->src\main\AndroidManifest.xml:12:18-54
58                android:value="true" />
58-->src\main\AndroidManifest.xml:12:55-75
59        </activity>
60
61        <meta-data
61-->src\main\AndroidManifest.xml:14:5-69
62            android:name="unity.splash-mode"
62-->src\main\AndroidManifest.xml:14:16-48
63            android:value="0" />
63-->src\main\AndroidManifest.xml:14:49-66
64        <meta-data
64-->src\main\AndroidManifest.xml:15:5-74
65            android:name="unity.splash-enable"
65-->src\main\AndroidManifest.xml:15:16-50
66            android:value="True" />
66-->src\main\AndroidManifest.xml:15:51-71
67        <meta-data
67-->src\main\AndroidManifest.xml:16:5-84
68            android:name="unity.allow-resizable-window"
68-->src\main\AndroidManifest.xml:16:16-59
69            android:value="False" />
69-->src\main\AndroidManifest.xml:16:60-81
70        <meta-data
70-->src\main\AndroidManifest.xml:17:5-81
71            android:name="notch.config"
71-->src\main\AndroidManifest.xml:17:16-43
72            android:value="portrait|landscape" />
72-->src\main\AndroidManifest.xml:17:44-78
73        <meta-data
73-->src\main\AndroidManifest.xml:18:5-101
74            android:name="unity.build-id"
74-->src\main\AndroidManifest.xml:18:16-45
75            android:value="b28817cb-355c-47cb-a8b9-1e24a9df9775" />
75-->src\main\AndroidManifest.xml:18:46-98
76        <meta-data
76-->src\main\AndroidManifest.xml:19:5-77
77            android:name="com.google.ar.core"
77-->src\main\AndroidManifest.xml:19:16-49
78            android:value="optional" />
78-->src\main\AndroidManifest.xml:19:50-74
79    </application>
80
81</manifest>